<?xml version="1.0" encoding="UTF-8"?>
<robot generator="Robot 7.0.1 (Python 3.8.10 on win32)" generated="2024-07-25T14:09:30.001536" rpa="false" schemaversion="5">
<suite id="s1" name="Test Cases" source="P:\RobotFramework\robot_example_yaml_simple\testsuites\test_cases.robot">
<test id="s1-t1" name="Create Customer From CSV" line="9">
<kw name="Add Customer" owner="CustomerLib">
<arg>../data/test_data.csv</arg>
<status status="PASS" start="2024-07-25T14:09:30.097438" elapsed="0.019535"/>
</kw>
<doc>Create customers from CSV file and save to JSON file</doc>
<tag>Create</tag>
<status status="PASS" start="2024-07-25T14:09:30.095195" elapsed="0.025653"/>
</test>
<test id="s1-t2" name="Read CSV file" line="14">
<kw name="Read CSV File" owner="CustomerLib">
<msg time="2024-07-25T14:09:30.123902" level="INFO">@{data} = [ {'name': 'Alice', 'email': 'alice@example.com', 'phone': '123456789'} | {'name': 'Bob', 'email': 'bob@example.com', 'phone': '987654321'} ]</msg>
<var>@{data}</var>
<arg>../data/test_data.csv</arg>
<status status="PASS" start="2024-07-25T14:09:30.123902" elapsed="0.000000"/>
</kw>
<kw name="Log" owner="BuiltIn">
<msg time="2024-07-25T14:09:30.123902" level="INFO">[{'name': 'Alice', 'email': 'alice@example.com', 'phone': '123456789'}, {'name': 'Bob', 'email': 'bob@example.com', 'phone': '987654321'}]</msg>
<arg>${data}</arg>
<doc>Logs the given message with the given level.</doc>
<status status="PASS" start="2024-07-25T14:09:30.123902" elapsed="0.000000"/>
</kw>
<doc>Read file CSV</doc>
<status status="PASS" start="2024-07-25T14:09:30.123902" elapsed="0.006622"/>
</test>
<status status="PASS" start="2024-07-25T14:09:30.003171" elapsed="0.128607"/>
</suite>
<statistics>
<total>
<stat pass="2" fail="0" skip="0">All Tests</stat>
</total>
<tag>
<stat pass="1" fail="0" skip="0">Create</stat>
</tag>
<suite>
<stat pass="2" fail="0" skip="0" id="s1" name="Test Cases">Test Cases</stat>
</suite>
</statistics>
<errors>
</errors>
</robot>
